\BOOKMARK [0][-]{chapter*.6}{\376\377\000L\000i\000s\000t\000e\000\040\000d\000e\000s\000\040\000a\000b\000r\000\351\000v\000i\000a\000t\000i\000o\000n\000s}{}% 1
\BOOKMARK [0][-]{chapter*.6}{\376\377\000L\000i\000s\000t\000e\000\040\000d\000e\000s\000\040\000f\000i\000g\000u\000r\000e\000s}{}% 2
\BOOKMARK [0][-]{chapter*.7}{\376\377\000L\000i\000s\000t\000e\000\040\000d\000e\000s\000\040\000t\000a\000b\000l\000e\000a\000u\000x}{}% 3
\BOOKMARK [0][-]{chapter*.8}{\376\377\000L\000i\000s\000t\000e\000\040\000d\000e\000s\000\040\000A\000l\000g\000o\000r\000i\000t\000h\000m\000e\000s}{}% 4
\BOOKMARK [0][-]{chapter.1}{\376\377\000I\000n\000t\000r\000o\000d\000u\000c\000t\000i\000o\000n\000\040\000G\000\351\000n\000\351\000r\000a\000l\000e}{}% 5
\BOOKMARK [1][-]{section.1.1}{\376\377\000I\000n\000t\000r\000o\000d\000u\000c\000t\000i\000o\000n\000\040}{chapter.1}% 6
\BOOKMARK [1][-]{section.1.2}{\376\377\000D\000i\000a\000g\000n\000o\000s\000t\000i\000c\000\040\000m\000\351\000d\000i\000c\000a\000l\000\040}{chapter.1}% 7
\BOOKMARK [2][-]{subsection.1.2.1}{\376\377\000H\000i\000s\000t\000o\000r\000i\000q\000u\000e\000\040\000d\000i\000a\000g\000n\000o\000s\000t\000i\000c\000\040}{section.1.2}% 8
\BOOKMARK [2][-]{subsection.1.2.2}{\376\377\000D\000\351\000f\000i\000n\000i\000t\000i\000o\000n\000s\000\040\000d\000i\000a\000g\000n\000o\000s\000t\000i\000c}{section.1.2}% 9
\BOOKMARK [2][-]{subsection.1.2.3}{\376\377\000L\000e\000s\000\040\000\351\000t\000a\000p\000e\000s\000\040\000d\000e\000\040\000d\000i\000a\000g\000n\000o\000s\000t\000i\000c}{section.1.2}% 10
\BOOKMARK [1][-]{section.1.3}{\376\377\000S\000y\000m\000p\000t\000\364\000m\000e\000s\000\040\000m\000\351\000d\000i\000c\000a\000u\000x\000\040}{chapter.1}% 11
\BOOKMARK [2][-]{subsection.1.3.1}{\376\377\000D\000\351\000f\000i\000n\000i\000t\000i\000o\000n\000s\000\040\000l\000e\000s\000\040\000s\000y\000m\000p\000t\000\364\000m\000e\000s\000\040}{section.1.3}% 12
\BOOKMARK [2][-]{subsection.1.3.2}{\376\377\000E\000x\000e\000m\000p\000l\000e\000s\000\040\000d\000e\000\040\000s\000y\000m\000p\000t\000\364\000m\000e\000s\000\040}{section.1.3}% 13
\BOOKMARK [1][-]{section.1.4}{\376\377\000P\000r\000o\000n\000o\000s\000t\000i\000c\000\040\000m\000\351\000d\000i\000c\000a\000l\000\040}{chapter.1}% 14
\BOOKMARK [2][-]{subsection.1.4.1}{\376\377\000D\000\351\000f\000i\000n\000i\000t\000i\000o\000n\000\040\000P\000r\000o\000n\000o\000s\000t\000i\000c\000\040\000m\000\351\000d\000i\000c\000a\000l\000\040}{section.1.4}% 15
\BOOKMARK [2][-]{subsection.1.4.2}{\376\377\000L\000e\000s\000\040\000t\000y\000p\000e\000\040\000P\000r\000o\000n\000o\000s\000t\000i\000c\000\040\000m\000\351\000d\000i\000c\000a\000l\000\040}{section.1.4}% 16
\BOOKMARK [1][-]{section.1.5}{\376\377\000L\000a\000\040\000r\000e\000l\000a\000t\000i\000o\000n\000\040\000e\000n\000t\000r\000e\000\040\000d\000i\000a\000g\000n\000o\000s\000t\000i\000c\000,\000\040\000l\000e\000s\000\040\000s\000y\000m\000p\000t\000\364\000m\000e\000s\000\040\000e\000t\000\040\000P\000r\000o\000n\000o\000s\000t\000i\000c\000\040\000m\000\351\000d\000i\000c\000a\000l\000\040}{chapter.1}% 17
\BOOKMARK [1][-]{section.1.6}{\376\377\000C\000o\000n\000c\000l\000u\000s\000i\000o\000n}{chapter.1}% 18
\BOOKMARK [0][-]{chapter.2}{\376\377\000A\000p\000p\000r\000e\000n\000t\000i\000s\000s\000a\000g\000e\000\040\000A\000u\000t\000o\000m\000a\000t\000i\000q\000u\000e}{}% 19
\BOOKMARK [1][-]{section.2.1}{\376\377\000I\000n\000t\000r\000o\000d\000u\000c\000t\000i\000o\000n}{chapter.2}% 20
\BOOKMARK [1][-]{section.2.2}{\376\377\000L\000'\000a\000p\000p\000r\000e\000n\000t\000i\000s\000s\000a\000g\000e\000\040\000A\000u\000t\000o\000m\000a\000t\000i\000q\000u\000e\000\040}{chapter.2}% 21
\BOOKMARK [1][-]{section.2.3}{\376\377\000T\000y\000p\000e\000s\000\040\000d\040\031\000A\000p\000p\000r\000e\000n\000t\000i\000s\000s\000a\000g\000e\000\040\000A\000u\000t\000o\000m\000a\000t\000i\000q\000u\000e\000\040}{chapter.2}% 22
\BOOKMARK [2][-]{subsection.2.3.1}{\376\377\000A\000p\000p\000r\000e\000n\000t\000i\000s\000s\000a\000g\000e\000\040\000S\000u\000p\000e\000r\000v\000i\000s\000\351\000\040}{section.2.3}% 23
\BOOKMARK [2][-]{subsection.2.3.2}{\376\377\000A\000p\000p\000r\000e\000n\000t\000i\000s\000s\000a\000g\000e\000\040\000N\000o\000n\000-\000S\000u\000p\000e\000r\000v\000i\000s\000\351\000\040}{section.2.3}% 24
\BOOKMARK [1][-]{section.2.4}{\376\377\000D\000\351\000f\000i\000n\000i\000t\000i\000o\000n\000\040\000d\000e\000\040\000c\000l\000a\000s\000s\000i\000f\000i\000c\000a\000t\000i\000o\000n\000\040}{chapter.2}% 25
\BOOKMARK [1][-]{section.2.5}{\376\377\000L\000e\000s\000\040\000t\000y\000p\000e\000s\000\040\000d\000e\000\040\000c\000l\000a\000s\000s\000i\000f\000i\000c\000a\000t\000i\000o\000n\000\040}{chapter.2}% 26
\BOOKMARK [2][-]{subsection.2.5.1}{\376\377\000L\000a\000\040\000c\000l\000a\000s\000s\000i\000f\000i\000c\000a\000t\000i\000o\000n\000\040\000b\000i\000n\000a\000i\000r\000e\000\040\000\050\000B\000i\000n\000a\000r\000y\000\040\000c\000l\000a\000s\000s\000i\000f\000i\000c\000a\000t\000i\000o\000n\000\051\000\040}{section.2.5}% 27
\BOOKMARK [2][-]{subsection.2.5.2}{\376\377\000L\000a\000\040\000c\000l\000a\000s\000s\000i\000f\000i\000c\000a\000t\000i\000o\000n\000\040\000m\000u\000l\000t\000i\000-\000c\000l\000a\000s\000s\000e\000\040}{section.2.5}% 28
\BOOKMARK [2][-]{subsection.2.5.3}{\376\377\000L\000a\000\040\000c\000l\000a\000s\000s\000i\000f\000i\000c\000a\000t\000i\000o\000n\000\040\000m\000u\000l\000t\000i\000-\000l\000a\000b\000l\000e\000\040}{section.2.5}% 29
\BOOKMARK [1][-]{section.2.6}{\376\377\000T\000e\000c\000h\000n\000i\000q\000u\000e\000s\000\040\000d\000e\000\040\000C\000l\000a\000s\000s\000i\000f\000i\000c\000a\000t\000i\000o\000n\000\040}{chapter.2}% 30
\BOOKMARK [2][-]{subsection.2.6.1}{\376\377\000L\000e\000s\000\040\000k\000\040\000p\000l\000u\000s\000\040\000p\000r\000o\000c\000h\000e\000s\000\040\000v\000o\000i\000s\000i\000n\000s\000\040\000\050\000K\000N\000N\000\051\000\040}{section.2.6}% 31
\BOOKMARK [2][-]{subsection.2.6.2}{\376\377\000k\000-\000m\000e\000a\000n\000s\000\040}{section.2.6}% 32
\BOOKMARK [2][-]{subsection.2.6.3}{\376\377\000R\000\351\000g\000r\000e\000s\000s\000i\000o\000n\000\040\000L\000o\000g\000i\000s\000t\000i\000q\000u\000e}{section.2.6}% 33
\BOOKMARK [2][-]{subsection.2.6.4}{\376\377\000M\000a\000c\000h\000i\000n\000e\000\040\000\340\000\040\000V\000e\000c\000t\000e\000u\000r\000s\000\040\000d\000e\000\040\000S\000u\000p\000p\000o\000r\000t\000s\000\040\000\050\000S\000\040\000V\000\040\000M\000\051\000\040}{section.2.6}% 34
\BOOKMARK [2][-]{subsection.2.6.5}{\376\377\000A\000p\000p\000r\000e\000n\000t\000i\000s\000s\000a\000g\000e\000\040\000p\000r\000o\000f\000o\000n\000d\000e\000u\000r\000\040}{section.2.6}% 35
\BOOKMARK [1][-]{section.2.7}{\376\377\000C\000o\000m\000p\000a\000r\000a\000i\000s\000o\000n\000\040\000e\000n\000t\000r\000e\000\040\000t\000e\000c\000h\000n\000i\000q\000u\000e\000s\000\040\000d\000e\000\040\000c\000l\000a\000s\000s\000i\000f\000i\000c\000a\000t\000i\000o\000n}{chapter.2}% 36
\BOOKMARK [1][-]{section.2.8}{\376\377\000C\000o\000n\000c\000l\000u\000s\000i\000o\000n}{chapter.2}% 37
\BOOKMARK [0][-]{chapter.3}{\376\377\000D\000e\000e\000p\000\040\000L\000e\000a\000r\000n\000i\000n\000g}{}% 38
\BOOKMARK [1][-]{section.3.1}{\376\377\000I\000n\000t\000r\000o\000d\000u\000c\000t\000i\000o\000n\000\040}{chapter.3}% 39
\BOOKMARK [1][-]{section.3.2}{\376\377\000L\040\031\000a\000p\000p\000r\000e\000n\000t\000i\000s\000s\000a\000g\000e\000\040\000p\000r\000o\000f\000o\000n\000d\000\040}{chapter.3}% 40
\BOOKMARK [2][-]{subsection.3.2.1}{\376\377\000D\000\351\000f\000i\000n\000i\000t\000i\000o\000n\000\040\000l\000'\000a\000p\000p\000r\000e\000n\000t\000i\000s\000s\000a\000g\000e\000\040\000p\000r\000o\000f\000o\000n\000d}{section.3.2}% 41
\BOOKMARK [2][-]{subsection.3.2.2}{\376\377\000D\000o\000m\000a\000i\000n\000e\000s\000\040\000d\000'\000a\000p\000p\000l\000i\000c\000a\000t\000i\000o\000n\000\040\000d\000e\000\040\000l\000'\000a\000p\000p\000r\000e\000n\000t\000i\000s\000s\000a\000g\000e\000\040\000p\000r\000o\000f\000o\000n\000d\000e\000\040}{section.3.2}% 42
\BOOKMARK [1][-]{section.3.3}{\376\377\000P\000r\000i\000n\000c\000i\000p\000e\000s\000\040\000d\000e\000\040\000f\000o\000n\000c\000t\000i\000o\000n\000n\000e\000m\000e\000n\000t\000\040}{chapter.3}% 43
\BOOKMARK [2][-]{subsection.3.3.1}{\376\377\000L\000e\000s\000\040\000t\000y\000p\000e\000s\000\040\000d\000e\000s\000\040\000c\000o\000u\000c\000h\000e\000s\000\040\000d\000a\000n\000s\000\040\000d\040\031\000a\000p\000p\000r\000e\000n\000t\000i\000s\000s\000a\000g\000e\000\040\000p\000r\000o\000f\000o\000n\000d}{section.3.3}% 44
\BOOKMARK [1][-]{section.3.4}{\376\377\000L\000e\000s\000\040\000p\000o\000i\000d\000s\000\040}{chapter.3}% 45
\BOOKMARK [1][-]{section.3.5}{\376\377\000L\000a\000\040\000f\000o\000n\000c\000t\000i\000o\000n\000\040\000d\000'\000a\000c\000t\000i\000v\000a\000t\000i\000o\000n\000\040}{chapter.3}% 46
\BOOKMARK [2][-]{subsection.3.5.1}{\376\377\000L\000a\000\040\000f\000o\000n\000c\000t\000i\000o\000n\000\040\000R\000e\000l\000u\000\040}{section.3.5}% 47
\BOOKMARK [2][-]{subsection.3.5.2}{\376\377\000L\000a\000\040\000f\000o\000n\000c\000t\000i\000o\000n\000\040\000d\000'\000u\000n\000\040\000s\000o\000f\000t\000m\000a\000x\000\040}{section.3.5}% 48
\BOOKMARK [2][-]{subsection.3.5.3}{\376\377\000L\000a\000\040\000f\000o\000n\000c\000t\000i\000o\000n\000\040\000s\000i\000g\000m\000o\000\357\000d\000e\000\040}{section.3.5}% 49
\BOOKMARK [1][-]{section.3.6}{\376\377\000L\000e\000s\000\040\000d\000i\000f\000f\000\351\000r\000e\000n\000t\000s\000\040\000t\000y\000p\000e\000s\000\040\000d\000e\000\040\000m\000o\000d\000e\000l\000\040\000d\000e\000e\000p\000\040\000L\000e\000a\000r\000n\000i\000n\000g}{chapter.3}% 50
\BOOKMARK [2][-]{subsection.3.6.1}{\376\377\000L\000e\000\040\000r\000\351\000s\000e\000a\000u\000\040\000d\000e\000\040\000n\000e\000u\000r\000o\000n\000e\000\040\000c\000o\000n\000v\000o\000l\000u\000t\000i\000f\000\040\000\050\000C\000N\000N\000\051\000\040}{section.3.6}% 51
\BOOKMARK [2][-]{subsection.3.6.2}{\376\377\000R\000\351\000s\000e\000a\000u\000\040\000d\000e\000\040\000n\000e\000u\000r\000o\000n\000e\000s\000\040\000r\000\351\000c\000u\000r\000r\000e\000n\000t\000s\000\040\000\050\000R\000N\000N\000\051\000\040}{section.3.6}% 52
\BOOKMARK [2][-]{subsection.3.6.3}{\376\377\000L\000e\000s\000\040\000r\000\351\000s\000e\000a\000u\000x\000\040\000L\000S\000T\000M\000\040}{section.3.6}% 53
\BOOKMARK [2][-]{subsection.3.6.4}{\376\377\000R\000\351\000s\000e\000a\000u\000x\000\040\000d\000e\000\040\000n\000e\000u\000r\000o\000n\000e\000s\000\040\000a\000r\000t\000i\000f\000i\000c\000i\000e\000l\000\040\000\050\000A\000N\000N\000\051\000\040}{section.3.6}% 54
\BOOKMARK [1][-]{section.3.7}{\376\377\000\040\000C\000o\000n\000c\000l\000u\000s\000i\000o\000n\000\040}{chapter.3}% 55
\BOOKMARK [0][-]{chapter.4}{\376\377\000M\000\351\000t\000h\000o\000d\000o\000l\000o\000g\000i\000e}{}% 56
\BOOKMARK [1][-]{section.4.1}{\376\377\000I\000n\000t\000r\000o\000d\000u\000c\000t\000i\000o\000n}{chapter.4}% 57
\BOOKMARK [1][-]{section.4.2}{\376\377\000N\000o\000t\000r\000e\000\040\000O\000b\000j\000e\000c\000t\000i\000f}{chapter.4}% 58
\BOOKMARK [1][-]{section.4.3}{\376\377\000P\000r\000\351\000t\000r\000a\000i\000t\000e\000m\000e\000n\000t}{chapter.4}% 59
\BOOKMARK [1][-]{section.4.4}{\376\377\000R\000e\000p\000r\000\351\000s\000e\000n\000t\000a\000t\000i\000o\000n\000\040\000d\000e\000s\000\040\000D\000o\000n\000n\000\351\000e\000s}{chapter.4}% 60
\BOOKMARK [2][-]{subsection.4.4.1}{\376\377\000L\000a\000\040\000R\000e\000p\000r\000\351\000s\000e\000n\000t\000a\000t\000i\000o\000n\000\040\000e\000n\000\040\000V\000e\000c\000t\000e\000u\000r\000\040\000d\000e\000\040\000C\000a\000r\000a\000c\000t\000\351\000r\000i\000s\000t\000i\000q\000u\000e\000s\000\040\000B\000i\000n\000a\000i\000r\000e\000s}{section.4.4}% 61
\BOOKMARK [1][-]{section.4.5}{\376\377\000M\000\351\000t\000h\000o\000d\000o\000l\000o\000g\000i\000e\000\040\000d\000e\000\040\000T\000r\000a\000v\000a\000i\000l}{chapter.4}% 62
\BOOKMARK [1][-]{section.4.6}{\376\377\000E\000v\000a\000l\000u\000a\000t\000i\000o\000n\000\040\000d\000e\000s\000\040\000M\000o\000d\000\350\000l\000e\000s\000\040\000d\000e\000\040\000C\000l\000a\000s\000s\000i\000f\000i\000c\000a\000t\000i\000o\000n}{chapter.4}% 63
\BOOKMARK [2][-]{subsection.4.6.1}{\376\377\000R\000a\000p\000p\000e\000l}{section.4.6}% 64
\BOOKMARK [2][-]{subsection.4.6.2}{\376\377\000P\000r\000\351\000c\000i\000s\000i\000o\000n}{section.4.6}% 65
\BOOKMARK [2][-]{subsection.4.6.3}{\376\377\000E\000x\000a\000c\000t\000i\000t\000u\000d\000e}{section.4.6}% 66
\BOOKMARK [2][-]{subsection.4.6.4}{\376\377\000S\000c\000o\000r\000e\000\040\000f\0001}{section.4.6}% 67
\BOOKMARK [2][-]{subsection.4.6.5}{\376\377\000T\000e\000m\000p\000s\000\040\000d\000'\000e\000n\000t\000r\000a\000\356\000n\000e\000m\000e\000n\000t\000e}{section.4.6}% 68
\BOOKMARK [1][-]{section.4.7}{\376\377\000O\000p\000t\000i\000m\000i\000s\000a\000t\000i\000o\000n\000\040\000d\000e\000s\000\040\000m\000o\000d\000e\000l\000s\000\040\000d\000e\000\040\000c\000l\000a\000s\000s\000i\000f\000i\000c\000a\000t\000i\000o\000n}{chapter.4}% 69
\BOOKMARK [2][-]{subsection.4.7.1}{\376\377\000A\000d\000a\000m\000\040\000\050\000E\000s\000t\000i\000m\000a\000t\000i\000o\000n\000\040\000d\000e\000\040\000m\000o\000m\000e\000n\000t\000\040\000a\000d\000a\000p\000t\000a\000t\000i\000f\000\051}{section.4.7}% 70
\BOOKMARK [2][-]{subsection.4.7.2}{\376\377\000S\000G\000D\000\040\000\050\000D\000e\000s\000c\000e\000n\000t\000e\000\040\000d\000e\000\040\000g\000r\000a\000d\000i\000e\000n\000t\000\040\000s\000t\000o\000c\000h\000a\000s\000t\000i\000q\000u\000e\000\051\000\040}{section.4.7}% 71
\BOOKMARK [1][-]{section.4.8}{\376\377\000P\000e\000r\000t\000e\000s\000\040\000d\000e\000s\000\040\000m\000o\000d\000\350\000l\000e\000\040\000d\000e\000\040\000c\000l\000a\000s\000s\000i\000f\000i\000c\000a\000t\000i\000o\000n\000\040}{chapter.4}% 72
\BOOKMARK [2][-]{subsection.4.8.1}{\376\377\000E\000n\000t\000r\000o\000p\000i\000e\000\040\000c\000r\000o\000i\000s\000\351\000e\000\040\000c\000a\000t\000\351\000g\000o\000r\000i\000e\000l\000l\000e\000\040\000e\000p\000a\000r\000s\000e\000s}{section.4.8}% 73
\BOOKMARK [1][-]{section.4.9}{\376\377\000C\000o\000n\000c\000l\000u\000s\000i\000o\000n}{chapter.4}% 74
\BOOKMARK [0][-]{appendix.A}{\376\377\000T\000i\000t\000r\000e\000\040\000d\000e\000\040\000l\040\031\000a\000n\000n\000e\000x\000e\000\040\000i\000c\000i}{}% 75
\BOOKMARK [1][-]{section.A.1}{}{appendix.A}% 76
\BOOKMARK [2][-]{subsection.A.1.1}{}{section.A.1}% 77
\BOOKMARK [0][-]{appendix.B}{\376\377\000T\000i\000t\000r\000e\000\040\000d\000e\000\040\000l\040\031\000a\000n\000n\000e\000x\000e\000\040\000i\000c\000i}{}% 78
\BOOKMARK [1][-]{section.B.1}{}{appendix.B}% 79
\BOOKMARK [2][-]{subsection.B.1.1}{}{section.B.1}% 80
