This is pdfTeX, Version 3.141592653-2.6-1.40.24 (MiKTeX 22.3) (preloaded format=pdflatex 2022.5.13)  8 FEB 2024 16:54
entering extended mode
 restricted \write18 enabled.
 file:line:error style messages enabled.
 %&-line parsing enabled.
**"f:/education/memoire RM2/memory/mem.tex"
(f:/education/memoire RM2/memory/mem.tex
LaTeX2e <2021-11-15> patch level 1
L3 programming layer <2022-02-24> (C:\MixTex\tex/latex/base\book.cls
Document Class: book 2021/10/04 v1.4n Standard LaTeX document class
(C:\MixTex\tex/latex/base\bk12.clo
File: bk12.clo 2021/10/04 v1.4n Standard LaTeX file (size option)
)
\c@part=\count185
\c@chapter=\count186
\c@section=\count187
\c@subsection=\count188
\c@subsubsection=\count189
\c@paragraph=\count190
\c@subparagraph=\count191
\c@figure=\count192
\c@table=\count193
\abovecaptionskip=\skip47
\belowcaptionskip=\skip48
\bibindent=\dimen138
) (C:\MixTex\tex/latex/graphics\graphicx.sty
Package: graphicx 2021/09/16 v1.2d Enhanced LaTeX Graphics (DPC,SPQR)
 (C:\MixTex\tex/latex/graphics\keyval.sty
Package: keyval 2014/10/28 v1.15 key=value parser (DPC)
\KV@toks@=\toks16
) (C:\MixTex\tex/latex/graphics\graphics.sty
Package: graphics 2021/03/04 v1.4d Standard LaTeX Graphics (DPC,SPQR)
 (C:\MixTex\tex/latex/graphics\trig.sty
Package: trig 2021/08/11 v1.11 sin cos tan (DPC)
) (C:\MixTex\tex/latex/graphics-cfg\graphics.cfg
File: graphics.cfg 2016/06/04 v1.11 sample graphics configuration
)
Package graphics Info: Driver file: pdftex.def on input line 107.
 (C:\MixTex\tex/latex/graphics-def\pdftex.def
File: pdftex.def 2020/10/05 v1.2a Graphics/color driver for pdftex
))
\Gin@req@height=\dimen139
\Gin@req@width=\dimen140
) (C:\MixTex\tex/latex/tools\tabularx.sty
Package: tabularx 2020/01/15 v2.11c `tabularx' package (DPC)
 (C:\MixTex\tex/latex/tools\array.sty
Package: array 2021/10/04 v2.5f Tabular extension package (FMi)
\col@sep=\dimen141
\ar@mcellbox=\box50
\extrarowheight=\dimen142
\NC@list=\toks17
\extratabsurround=\skip49
\backup@length=\skip50
\ar@cellbox=\box51
)
\TX@col@width=\dimen143
\TX@old@table=\dimen144
\TX@old@col=\dimen145
\TX@target=\dimen146
\TX@delta=\dimen147
\TX@cols=\count194
\TX@ftn=\toks18
) (C:\MixTex\tex/latex/preprint\authblk.sty
Package: authblk 2001/02/27 1.3 (PWD)
\affilsep=\skip51
\@affilsep=\skip52
\c@Maxaffil=\count195
\c@authors=\count196
\c@affil=\count197
) (C:\MixTex\tex/latex/graphics\color.sty
Package: color 2021/12/07 v1.3c Standard LaTeX Color (DPC)
 (C:\MixTex\tex/latex/graphics-cfg\color.cfg
File: color.cfg 2016/01/02 v1.6 sample color configuration
)
Package color Info: Driver file: pdftex.def on input line 149.
) (C:/packages\tex/latex\pdfpages\pdfpages.sty
Package: pdfpages 2022/01/29 v0.5u Insert pages of external PDF documents (AM)
 (C:\MixTex\tex/latex/base\ifthen.sty
Package: ifthen 2020/11/24 v1.1c Standard LaTeX ifthen package (DPC)
) (C:\MixTex\tex/latex/tools\calc.sty
Package: calc 2017/05/25 v4.3 Infix arithmetic (KKT,FJ)
\calc@Acount=\count198
\calc@Bcount=\count199
\calc@Adimen=\dimen148
\calc@Bdimen=\dimen149
\calc@Askip=\skip53
\calc@Bskip=\skip54
LaTeX Info: Redefining \setlength on input line 80.
LaTeX Info: Redefining \addtolength on input line 81.
\calc@Ccount=\count266
\calc@Cskip=\skip55
) (C:\MixTex\tex/latex/eso-pic\eso-pic.sty
Package: eso-pic 2020/10/14 v3.0a eso-pic (RN)
\ESO@tempdima=\dimen150
\ESO@tempdimb=\dimen151
)
\AM@pagewidth=\dimen152
\AM@pageheight=\dimen153
\AM@fboxrule=\dimen154
 (C:/packages\tex/latex\pdfpages\pppdftex.def
File: pppdftex.def 2022/01/29 v0.5u Pdfpages driver for pdfTeX (AM)
)
\pdfpages@includegraphics@status=\count267
\AM@pagebox=\box52
\AM@global@opts=\toks19
\AM@pagecnt=\count268
\AM@toc@title=\toks20
\c@AM@survey=\count269
\AM@templatesizebox=\box53
) (C:\MixTex\tex/latex/hyperref\hyperref.sty
Package: hyperref 2022-02-21 v7.00n Hypertext links for LaTeX
 (C:\MixTex\tex/generic/ltxcmds\ltxcmds.sty
Package: ltxcmds 2020-05-10 v1.25 LaTeX kernel commands for general use (HO)
) (C:\MixTex\tex/generic/iftex\iftex.sty
Package: iftex 2022/02/03 v1.0f TeX engine tests
) (C:\MixTex\tex/generic/pdftexcmds\pdftexcmds.sty
Package: pdftexcmds 2020-06-27 v0.33 Utility functions of pdfTeX for LuaTeX (HO)
 (C:\MixTex\tex/generic/infwarerr\infwarerr.sty
Package: infwarerr 2019/12/03 v1.5 Providing info/warning/error messages (HO)
)
Package pdftexcmds Info: \pdf@primitive is available.
Package pdftexcmds Info: \pdf@ifprimitive is available.
Package pdftexcmds Info: \pdfdraftmode found.
) (C:\MixTex\tex/generic/kvsetkeys\kvsetkeys.sty
Package: kvsetkeys 2019/12/15 v1.18 Key value parser (HO)
) (C:\MixTex\tex/generic/kvdefinekeys\kvdefinekeys.sty
Package: kvdefinekeys 2019-12-19 v1.6 Define keys (HO)
) (C:\MixTex\tex/generic/pdfescape\pdfescape.sty
Package: pdfescape 2019/12/09 v1.15 Implements pdfTeX's escape features (HO)
) (C:\MixTex\tex/latex/hycolor\hycolor.sty
Package: hycolor 2020-01-27 v1.10 Color options for hyperref/bookmark (HO)
) (C:\MixTex\tex/latex/letltxmacro\letltxmacro.sty
Package: letltxmacro 2019/12/03 v1.6 Let assignment for LaTeX macros (HO)
) (C:\MixTex\tex/latex/auxhook\auxhook.sty
Package: auxhook 2019-12-17 v1.6 Hooks for auxiliary files (HO)
) (C:\MixTex\tex/latex/kvoptions\kvoptions.sty
Package: kvoptions 2020-10-07 v3.14 Key value format for package options (HO)
)
\@linkdim=\dimen155
\Hy@linkcounter=\count270
\Hy@pagecounter=\count271
 (C:\MixTex\tex/latex/hyperref\pd1enc.def
File: pd1enc.def 2022-02-21 v7.00n Hyperref: PDFDocEncoding definition (HO)
Now handling font encoding PD1 ...
... no UTF-8 mapping file for font encoding PD1
) (C:\MixTex\tex/generic/intcalc\intcalc.sty
Package: intcalc 2019/12/15 v1.3 Expandable calculations with integers (HO)
) (C:\MixTex\tex/generic/etexcmds\etexcmds.sty
Package: etexcmds 2019/12/15 v1.7 Avoid name clashes with e-TeX commands (HO)
)
\Hy@SavedSpaceFactor=\count272
 (C:\MixTex\tex/latex/hyperref\puenc.def
File: puenc.def 2022-02-21 v7.00n Hyperref: PDF Unicode definition (HO)
Now handling font encoding PU ...
... no UTF-8 mapping file for font encoding PU
)
Package hyperref Info: Hyper figures OFF on input line 4137.
Package hyperref Info: Link nesting OFF on input line 4142.
Package hyperref Info: Hyper index ON on input line 4145.
Package hyperref Info: Plain pages OFF on input line 4152.
Package hyperref Info: Backreferencing OFF on input line 4157.
Package hyperref Info: Implicit mode ON; LaTeX internals redefined.
Package hyperref Info: Bookmarks ON on input line 4390.
\c@Hy@tempcnt=\count273
 (C:\MixTex\tex/latex/url\url.sty
\Urlmuskip=\muskip16
Package: url 2013/09/16  ver 3.4  Verb mode for urls, etc.
)
LaTeX Info: Redefining \url on input line 4749.
\XeTeXLinkMargin=\dimen156
 (C:\MixTex\tex/generic/bitset\bitset.sty
Package: bitset 2019/12/09 v1.3 Handle bit-vector datatype (HO)
 (C:\MixTex\tex/generic/bigintcalc\bigintcalc.sty
Package: bigintcalc 2019/12/15 v1.5 Expandable calculations on big integers (HO)
))
\Fld@menulength=\count274
\Field@Width=\dimen157
\Fld@charsize=\dimen158
Package hyperref Info: Hyper figures OFF on input line 6027.
Package hyperref Info: Link nesting OFF on input line 6032.
Package hyperref Info: Hyper index ON on input line 6035.
Package hyperref Info: backreferencing OFF on input line 6042.
Package hyperref Info: Link coloring OFF on input line 6047.
Package hyperref Info: Link coloring with OCG OFF on input line 6052.
Package hyperref Info: PDF/A mode OFF on input line 6057.
LaTeX Info: Redefining \ref on input line 6097.
LaTeX Info: Redefining \pageref on input line 6101.
 (C:\MixTex\tex/latex/base\atbegshi-ltx.sty
Package: atbegshi-ltx 2021/01/10 v1.0c Emulation of the original atbegshi
package with kernel methods
)
\Hy@abspage=\count275
\c@Item=\count276
\c@Hfootnote=\count277
)
Package hyperref Info: Driver (autodetected): hpdftex.
 (C:\MixTex\tex/latex/hyperref\hpdftex.def
File: hpdftex.def 2022-02-21 v7.00n Hyperref driver for pdfTeX
 (C:\MixTex\tex/latex/base\atveryend-ltx.sty
Package: atveryend-ltx 2020/08/19 v1.0a Emulation of the original atveryend package
with kernel methods
)
\Fld@listcount=\count278
\c@bookmark@seq@number=\count279
 (C:\MixTex\tex/latex/rerunfilecheck\rerunfilecheck.sty
Package: rerunfilecheck 2019/12/05 v1.9 Rerun checks for auxiliary files (HO)
 (C:\MixTex\tex/generic/uniquecounter\uniquecounter.sty
Package: uniquecounter 2019/12/15 v1.4 Provide unlimited unique counter (HO)
)
Package uniquecounter Info: New unique counter `rerunfilecheck' on input line 286.
)
\Hy@SectionHShift=\skip56
) (C:\MixTex\tex/latex/lipsum\lipsum.sty (C:\MixTex\tex/latex/l3packages/l3keys2e\l3keys2e.sty (C:\MixTex\tex/latex/l3kernel\expl3.sty
Package: expl3 2022-02-24 L3 programming layer (loader) 
 (C:\MixTex\tex/latex/l3backend\l3backend-pdftex.def
File: l3backend-pdftex.def 2022-02-07 L3 backend support: PDF output (pdfTeX)
\l__color_backend_stack_int=\count280
\l__pdf_internal_box=\box54
))
Package: l3keys2e 2022-01-12 LaTeX2e option processing using LaTeX3 keys
)
Package: lipsum 2021-09-20 v2.7 150 paragraphs of Lorem Ipsum dummy text
\g__lipsum_par_int=\count281
\l__lipsum_a_int=\count282
\l__lipsum_b_int=\count283
 (C:\MixTex\tex/latex/lipsum\lipsum.ltd.tex)) (C:\MixTex\tex/latex/fncychap\fncychap.sty
Package: fncychap 2007/07/30 v1.34 LaTeX package (Revised chapters)
\RW=\skip57
\mylen=\skip58
\myhi=\skip59
\px=\skip60
\py=\skip61
\pyy=\skip62
\pxx=\skip63
) (C:\MixTex\tex/generic/babel\babel.sty
Package: babel 2022/02/26 3.73 The Babel package
\babel@savecnt=\count284
\U@D=\dimen159
\l@unhyphenated=\language79
 (C:\MixTex\tex/generic/babel\txtbabel.def)
\bbl@readstream=\read2
\bbl@dirlevel=\count285

*************************************
* Local config file bblopts.cfg used
*
(C:\MixTex\tex/latex/arabi\bblopts.cfg
File: bblopts.cfg 2005/09/08 v0.1 add Arabic and Farsi to "declared" options of babel
) (C:\MixTex\tex/generic/babel-french\french.ldf
Language: french 2023/03/08 v3.5q French support from the babel system
Package babel Info: Hyphen rules for 'acadian' set to \l@french
(babel)             (\language22). Reported on input line 91.
Package babel Info: Hyphen rules for 'canadien' set to \l@french
(babel)             (\language22). Reported on input line 92.
\FB@nonchar=\count286
Package babel Info: Making : an active character on input line 395.
Package babel Info: Making ; an active character on input line 396.
Package babel Info: Making ! an active character on input line 397.
Package babel Info: Making ? an active character on input line 398.
\FBguill@level=\count287
\FBold@everypar=\toks21
\FB@Mht=\dimen160
\mc@charclass=\count288
\mc@charfam=\count289
\mc@charslot=\count290
\std@mcc=\count291
\dec@mcc=\count292
\FB@parskip=\dimen161
\listindentFB=\dimen162
\descindentFB=\dimen163
\labelindentFB=\dimen164
\labelwidthFB=\dimen165
\leftmarginFB=\dimen166
\parindentFFN=\dimen167
\FBfnindent=\dimen168
)) (C:\MixTex\tex/latex/carlisle\scalefnt.sty) (C:\MixTex\tex/latex/listings\listings.sty
\lst@mode=\count293
\lst@gtempboxa=\box55
\lst@token=\toks22
\lst@length=\count294
\lst@currlwidth=\dimen169
\lst@column=\count295
\lst@pos=\count296
\lst@lostspace=\dimen170
\lst@width=\dimen171
\lst@newlines=\count297
\lst@lineno=\count298
\lst@maxwidth=\dimen172
 (C:\MixTex\tex/latex/listings\lstmisc.sty
File: lstmisc.sty 2020/03/24 1.8d (Carsten Heinz)
\c@lstnumber=\count299
\lst@skipnumbers=\count300
\lst@framebox=\box56
) (C:\MixTex\tex/latex/listings\listings.cfg
File: listings.cfg 2020/03/24 1.8d listings configuration
))
Package: listings 2020/03/24 1.8d (Carsten Heinz)
 (C:\MixTex\tex/latex/listings\lstlang1.sty
File: lstlang1.sty 2020/03/24 1.8d listings language file
) (mem.aux)
\openout1 = `mem.aux'.

LaTeX Font Info:    Checking defaults for OML/cmm/m/it on input line 35.
LaTeX Font Info:    ... okay on input line 35.
LaTeX Font Info:    Checking defaults for OMS/cmsy/m/n on input line 35.
LaTeX Font Info:    ... okay on input line 35.
LaTeX Font Info:    Checking defaults for OT1/cmr/m/n on input line 35.
LaTeX Font Info:    ... okay on input line 35.
LaTeX Font Info:    Checking defaults for T1/cmr/m/n on input line 35.
LaTeX Font Info:    ... okay on input line 35.
LaTeX Font Info:    Checking defaults for TS1/cmr/m/n on input line 35.
LaTeX Font Info:    ... okay on input line 35.
LaTeX Font Info:    Checking defaults for OMX/cmex/m/n on input line 35.
LaTeX Font Info:    ... okay on input line 35.
LaTeX Font Info:    Checking defaults for U/cmr/m/n on input line 35.
LaTeX Font Info:    ... okay on input line 35.
LaTeX Font Info:    Checking defaults for PD1/pdf/m/n on input line 35.
LaTeX Font Info:    ... okay on input line 35.
LaTeX Font Info:    Checking defaults for PU/pdf/m/n on input line 35.
LaTeX Font Info:    ... okay on input line 35.
 (C:\MixTex\tex/context/base/mkii\supp-pdf.mkii
[Loading MPS to PDF converter (version 2006.09.02).]
\scratchcounter=\count301
\scratchdimen=\dimen173
\scratchbox=\box57
\nofMPsegments=\count302
\nofMParguments=\count303
\everyMPshowfont=\toks23
\MPscratchCnt=\count304
\MPscratchDim=\dimen174
\MPnumerator=\count305
\makeMPintoPDFobject=\count306
\everyMPtoPDFconversion=\toks24
) (C:\MixTex\tex/latex/epstopdf-pkg\epstopdf-base.sty
Package: epstopdf-base 2020-01-24 v2.11 Base part for package epstopdf
Package epstopdf-base Info: Redefining graphics rule for `.eps' on input line 485.
 (C:\MixTex\tex/latex/00miktex\epstopdf-sys.cfg
File: epstopdf-sys.cfg 2021/03/18 v2.0 Configuration of epstopdf for MiKTeX
)) (C:\MixTex\tex/latex/pdflscape\pdflscape.sty
Package: pdflscape 2019/12/05 v0.12 Display of landscape pages in PDF (HO)
 (C:\MixTex\tex/latex/graphics\lscape.sty
Package: lscape 2020/05/28 v3.02 Landscape Pages (DPC)
)
Package pdflscape Info: Auto-detected driver: pdftex on input line 81.
)
Package hyperref Info: Link coloring OFF on input line 35.
 (C:\MixTex\tex/latex/hyperref\nameref.sty
Package: nameref 2021-04-02 v2.47 Cross-referencing by name of section
 (C:\MixTex\tex/latex/refcount\refcount.sty
Package: refcount 2019/12/15 v3.6 Data extraction from label references (HO)
) (C:\MixTex\tex/generic/gettitlestring\gettitlestring.sty
Package: gettitlestring 2019/12/15 v1.6 Cleanup title references (HO)
)
\c@section@level=\count307
)
LaTeX Info: Redefining \ref on input line 35.
LaTeX Info: Redefining \pageref on input line 35.
LaTeX Info: Redefining \nameref on input line 35.
 (mem.out) (mem.out)
\@outlinefile=\write3
\openout3 = `mem.out'.

LaTeX Info: Redefining \degres on input line 35.
LaTeX Info: Redefining \up on input line 35.


Package french.ldf Warning: OT1 encoding should not be used for French.
(french.ldf)                Add \usepackage[T1]{fontenc} to the preamble
(french.ldf)                of your document; reported on input line 35.

\c@lstlisting=\count308


pdfTeX warning: pdflatex (file ./Page de garde-1-4.pdf): PDF inclusion: found PDF version <1.7>, but at most version <1.5> allowed
<Page de garde-1-4.pdf, id=23, 597.55246pt x 845.07718pt>
File: Page de garde-1-4.pdf Graphic file (type pdf)
<use Page de garde-1-4.pdf>
Package pdftex.def Info: Page de garde-1-4.pdf  used on input line 36.
(pdftex.def)             Requested size: 597.551pt x 845.07512pt.


pdfTeX warning: pdflatex (file ./Page de garde-1-4.pdf): PDF inclusion: found PDF version <1.7>, but at most version <1.5> allowed
File: Page de garde-1-4.pdf Graphic file (type pdf)
<use Page de garde-1-4.pdf>
Package pdftex.def Info: Page de garde-1-4.pdf  used on input line 36.
(pdftex.def)             Requested size: 597.551pt x 845.07512pt.


pdfTeX warning: pdflatex (file ./Page de garde-1-4.pdf): PDF inclusion: found PDF version <1.7>, but at most version <1.5> allowed


pdfTeX warning: pdflatex (file ./Page de garde-1-4.pdf): PDF inclusion: found PDF version <1.7>, but at most version <1.5> allowed
<Page de garde-1-4.pdf, id=26, page=1, 597.55246pt x 845.07718pt>
File: Page de garde-1-4.pdf Graphic file (type pdf)
<use Page de garde-1-4.pdf, page 1>
Package pdftex.def Info: Page de garde-1-4.pdf , page1 used on input line 36.
(pdftex.def)             Requested size: 597.551pt x 845.07512pt.
File: Page de garde-1-4.pdf Graphic file (type pdf)
<use Page de garde-1-4.pdf, page 1>
Package pdftex.def Info: Page de garde-1-4.pdf , page1 used on input line 36.
(pdftex.def)             Requested size: 562.1644pt x 795.0303pt.
File: Page de garde-1-4.pdf Graphic file (type pdf)
<use Page de garde-1-4.pdf, page 1>
Package pdftex.def Info: Page de garde-1-4.pdf , page1 used on input line 36.
(pdftex.def)             Requested size: 562.1644pt x 795.0303pt.
File: Page de garde-1-4.pdf Graphic file (type pdf)
<use Page de garde-1-4.pdf, page 1>
Package pdftex.def Info: Page de garde-1-4.pdf , page1 used on input line 36.
(pdftex.def)             Requested size: 562.1644pt x 795.0303pt.
File: Page de garde-1-4.pdf Graphic file (type pdf)
<use Page de garde-1-4.pdf, page 1>
Package pdftex.def Info: Page de garde-1-4.pdf , page1 used on input line 36.
(pdftex.def)             Requested size: 562.1644pt x 795.0303pt.
[1

 <./Page de garde-1-4.pdf>]

pdfTeX warning: pdflatex (file ./Page de garde-1-4.pdf): PDF inclusion: found PDF version <1.7>, but at most version <1.5> allowed
<Page de garde-1-4.pdf, id=88, page=2, 597.55246pt x 845.07718pt>
File: Page de garde-1-4.pdf Graphic file (type pdf)
<use Page de garde-1-4.pdf, page 2>
Package pdftex.def Info: Page de garde-1-4.pdf , page2 used on input line 36.
(pdftex.def)             Requested size: 562.1644pt x 795.0303pt.
File: Page de garde-1-4.pdf Graphic file (type pdf)
<use Page de garde-1-4.pdf, page 2>
Package pdftex.def Info: Page de garde-1-4.pdf , page2 used on input line 36.
(pdftex.def)             Requested size: 562.1644pt x 795.0303pt.
File: Page de garde-1-4.pdf Graphic file (type pdf)
<use Page de garde-1-4.pdf, page 2>
Package pdftex.def Info: Page de garde-1-4.pdf , page2 used on input line 36.
(pdftex.def)             Requested size: 562.1644pt x 795.0303pt.
[2 <./Page de garde-1-4.pdf>]

pdfTeX warning: pdflatex (file ./Page de garde-1-4.pdf): PDF inclusion: found PDF version <1.7>, but at most version <1.5> allowed
<Page de garde-1-4.pdf, id=100, page=3, 597.55246pt x 845.07718pt>
File: Page de garde-1-4.pdf Graphic file (type pdf)
<use Page de garde-1-4.pdf, page 3>
Package pdftex.def Info: Page de garde-1-4.pdf , page3 used on input line 36.
(pdftex.def)             Requested size: 562.1644pt x 795.0303pt.
File: Page de garde-1-4.pdf Graphic file (type pdf)
<use Page de garde-1-4.pdf, page 3>
Package pdftex.def Info: Page de garde-1-4.pdf , page3 used on input line 36.
(pdftex.def)             Requested size: 562.1644pt x 795.0303pt.
File: Page de garde-1-4.pdf Graphic file (type pdf)
<use Page de garde-1-4.pdf, page 3>
Package pdftex.def Info: Page de garde-1-4.pdf , page3 used on input line 36.
(pdftex.def)             Requested size: 562.1644pt x 795.0303pt.
[3 <./Page de garde-1-4.pdf>]

pdfTeX warning: pdflatex (file ./Page de garde-1-4.pdf): PDF inclusion: found PDF version <1.7>, but at most version <1.5> allowed
<Page de garde-1-4.pdf, id=116, page=4, 597.55246pt x 845.07718pt>
File: Page de garde-1-4.pdf Graphic file (type pdf)
<use Page de garde-1-4.pdf, page 4>
Package pdftex.def Info: Page de garde-1-4.pdf , page4 used on input line 36.
(pdftex.def)             Requested size: 562.1644pt x 795.0303pt.
File: Page de garde-1-4.pdf Graphic file (type pdf)
<use Page de garde-1-4.pdf, page 4>
Package pdftex.def Info: Page de garde-1-4.pdf , page4 used on input line 36.
(pdftex.def)             Requested size: 562.1644pt x 795.0303pt.
File: Page de garde-1-4.pdf Graphic file (type pdf)
<use Page de garde-1-4.pdf, page 4>
Package pdftex.def Info: Page de garde-1-4.pdf , page4 used on input line 36.
(pdftex.def)             Requested size: 562.1644pt x 795.0303pt.
[4 <./Page de garde-1-4.pdf>] (mem.toc
LaTeX Font Info:    External font `cmex10' loaded for size
(Font)              <12> on input line 2.
LaTeX Font Info:    External font `cmex10' loaded for size
(Font)              <8> on input line 2.
LaTeX Font Info:    External font `cmex10' loaded for size
(Font)              <6> on input line 2.
)
\tf@toc=\write4
\openout4 = `mem.toc'.

 [5

{C:/Users/wawad/AppData/Local/MiKTeX/fonts/map/pdftex/pdftex.map}] [6

] (mem.lof)
\tf@lof=\write5
\openout5 = `mem.lof'.

 [7] [8]
Chapitre 1.
LaTeX Font Info:    Trying to load font information for OT1+phv on input line 41.
(C:\MixTex\tex/latex/psnfss\ot1phv.fd
File: ot1phv.fd 2020/03/25 scalable font definitions for OT1/phv.
)
LaTeX Font Info:    Trying to load font information for OT1+ptm on input line 41.
 (C:\MixTex\tex/latex/psnfss\ot1ptm.fd
File: ot1ptm.fd 2001/06/04 font definitions for OT1/ptm.
) [9

]
Overfull \hbox (19.82684pt too wide) has occurred while \output is active
\OT1/cmr/m/n/12 10 \OT1/cmr/m/sl/12 CHAPITRE 1.  APPRENTISSAGE AUTOMATIQUE ET DEEP LEARNING
 []

[10

]
Chapitre 2.
[11] [12

]
Chapitre 3.
[13] [14

]
Chapitre 4.
[15] [16

] [17] (mem.aux)
Package rerunfilecheck Info: File `mem.out' has not changed.
(rerunfilecheck)             Checksum: D2C0473F3F79AA687F132F0505801094;892.
 ) 
Here is how much of TeX's memory you used:
 12992 strings out of 478582
 206525 string characters out of 2860759
 778814 words of memory out of 3000000
 30967 multiletter control sequences out of 15000+600000
 477253 words of font info for 47 fonts, out of 8000000 for 9000
 1141 hyphenation exceptions out of 8191
 68i,17n,77p,337b,481s stack positions out of 10000i,1000n,20000p,200000b,80000s
{C:/MixTex/fonts/enc/dvips/base/8r.enc}<C:/MixTex/fonts/type1/public/amsfonts/cm/cmbx12.pfb><C:/MixTex/fonts/type1/public/amsfonts/cm/cmcsc10.pfb><C:/MixTex/fonts/type1/public/amsfonts/cm/cmr12.pfb><C:/MixTex/fonts/type1/public/amsfonts/cm/cmsl12.pfb><C:/MixTex/fonts/type1/public/amsfonts/cm/cmti12.pfb><C:/MixTex/fonts/type1/urw/helvetic/uhvr8a.pfb><C:/MixTex/fonts/type1/urw/times/utmr8a.pfb>
Output written on mem.pdf (17 pages, 334692 bytes).
PDF statistics:
 230 PDF objects out of 1000 (max. 8388607)
 25 named destinations out of 1000 (max. 500000)
 76 words of extra memory for PDF output out of 10000 (max. 10000000)

